----------------------------------------------------------------
2016-04-11 05:31:38.272 GMT:
 Booting Derby version The Apache Software Foundation - Apache Derby - 10.5.3.0 - (802917): instance a816c00e-0154-03cd-c69c-0000027ec5a8
on database directory D:\backup of 22july\edmsProducing10jan\EDMS-Web-Service-Producing\jackrabbit\version\db  

Database Class Loader started - derby.database.classpath=''
----------------------------------------------------------------
2016-04-11 05:31:41.168 GMT:
 Booting Derby version The Apache Software Foundation - Apache Derby - 10.5.3.0 - (802917): instance 888c4022-0154-03cd-c69c-0000027ec5a8
on database directory D:\backup of 22july\edmsProducing10jan\EDMS-Web-Service-Producing\jackrabbit\workspaces\silvereye.in\db  

Database Class Loader started - derby.database.classpath=''

2016-04-11 05:31:46.264 GMT:
Shutting down instance 888c4022-0154-03cd-c69c-0000027ec5a8
----------------------------------------------------------------

2016-04-11 05:31:46.384 GMT:
Shutting down instance a816c00e-0154-03cd-c69c-0000027ec5a8
----------------------------------------------------------------
----------------------------------------------------------------
2016-04-11 05:32:16.473 GMT:
 Booting Derby version The Apache Software Foundation - Apache Derby - 10.5.3.0 - (802917): instance 6965c036-0154-03cd-c69c-0000027ec5a8
on database directory D:\backup of 22july\edmsProducing10jan\EDMS-Web-Service-Producing\jackrabbit\version\db  

Database Class Loader started - derby.database.classpath=''
----------------------------------------------------------------
2016-04-11 05:32:16.652 GMT:
 Booting Derby version The Apache Software Foundation - Apache Derby - 10.5.3.0 - (802917): instance 4aa3404a-0154-03cd-c69c-0000027ec5a8
on database directory D:\backup of 22july\edmsProducing10jan\EDMS-Web-Service-Producing\jackrabbit\workspaces\silvereye.in\db  

Database Class Loader started - derby.database.classpath=''

2016-04-11 05:32:17.120 GMT:
Shutting down instance 4aa3404a-0154-03cd-c69c-0000027ec5a8
----------------------------------------------------------------

2016-04-11 05:32:17.248 GMT:
Shutting down instance 6965c036-0154-03cd-c69c-0000027ec5a8
----------------------------------------------------------------
----------------------------------------------------------------
2016-04-11 05:32:19.141 GMT:
 Booting Derby version The Apache Software Foundation - Apache Derby - 10.5.3.0 - (802917): instance 2c44c05e-0154-03cd-c69c-0000027ec5a8
on database directory D:\backup of 22july\edmsProducing10jan\EDMS-Web-Service-Producing\jackrabbit\version\db  

Database Class Loader started - derby.database.classpath=''
----------------------------------------------------------------
2016-04-11 05:32:19.329 GMT:
 Booting Derby version The Apache Software Foundation - Apache Derby - 10.5.3.0 - (802917): instance 0e4a4072-0154-03cd-c69c-0000027ec5a8
on database directory D:\backup of 22july\edmsProducing10jan\EDMS-Web-Service-Producing\jackrabbit\workspaces\silvereye.in\db  

Database Class Loader started - derby.database.classpath=''

2016-04-11 05:32:19.785 GMT:
Shutting down instance 0e4a4072-0154-03cd-c69c-0000027ec5a8
----------------------------------------------------------------

2016-04-11 05:32:19.906 GMT:
Shutting down instance 2c44c05e-0154-03cd-c69c-0000027ec5a8
----------------------------------------------------------------
----------------------------------------------------------------
2016-04-11 05:32:27.246 GMT:
 Booting Derby version The Apache Software Foundation - Apache Derby - 10.5.3.0 - (802917): instance f0b3c086-0154-03cd-c69c-0000027ec5a8
on database directory D:\backup of 22july\edmsProducing10jan\EDMS-Web-Service-Producing\jackrabbit\version\db  

Database Class Loader started - derby.database.classpath=''
----------------------------------------------------------------
2016-04-11 05:32:27.441 GMT:
 Booting Derby version The Apache Software Foundation - Apache Derby - 10.5.3.0 - (802917): instance d381409a-0154-03cd-c69c-0000027ec5a8
on database directory D:\backup of 22july\edmsProducing10jan\EDMS-Web-Service-Producing\jackrabbit\workspaces\silvereye.in\db  

Database Class Loader started - derby.database.classpath=''
