#
# A fatal error has been detected by the Java Runtime Environment:
#
#  EXCEPTION_ACCESS_VIOLATION (0xc0000005) at pc=0x000000006894248b, pid=1532, tid=7248
#
# JRE version: Java(TM) SE Runtime Environment (7.0_51-b13) (build 1.7.0_51-b13)
# Java VM: Java HotSpot(TM) 64-Bit Server VM (24.51-b03 mixed mode windows-amd64 compressed oops)
# Problematic frame:
# V  [jvm.dll+0x14248b]
#
# Failed to write core dump. Minidumps are not enabled by default on client versions of Windows
#
# If you would like to submit a bug report, please visit:
#   http://bugreport.sun.com/bugreport/crash.jsp
#

---------------  T H R E A D  ---------------

Current thread (0x0000000008506000):  JavaThread "JDWP Transport Listener: dt_socket" daemon [_thread_in_vm, id=7248, stack(0x0000000009a60000,0x0000000009b60000)]

siginfo: ExceptionCode=0xc0000005, reading address 0xffffffffffffffff

Registers:
RAX=0x0000000009b5f001, RBX=0x0000000008506000, RCX=0x1500000000730000, RDX=0x0000000000000000
RSP=0x0000000009b5efb0, RBP=0x1500000000730000, RSI=0x0000000009b5f0c8, RDI=0x0000000002724400
R8 =0x0000000008506000, R9 =0x0000000000008000, R10=0x0000000000000000, R11=0x000000000b6e071b
R12=0x0000000000000000, R13=0x00000000084fa3e8, R14=0x0000000000000000, R15=0x0000000000000000
RIP=0x000000006894248b, EFLAGS=0x0000000000010206

Top of Stack: (sp=0x0000000009b5efb0)
0x0000000009b5efb0:   0000000008506000 0000000000000022
0x0000000009b5efc0:   0000000009b5f078 0000000068ae1239
0x0000000009b5efd0:   0000000008506000 0000000068afede2
0x0000000009b5efe0:   0000000000000000 0000000068508e89
0x0000000009b5eff0:   000000000d004158 000000006851265a
0x0000000009b5f000:   0000000008506000 0000000000000000
0x0000000009b5f010:   0000000000000000 0000000000000000
0x0000000009b5f020:   1500000000730000 0000000068511751
0x0000000009b5f030:   0000000009b5f0c8 0000000009b5f0a0
0x0000000009b5f040:   0000000000000001 000000000d004158
0x0000000009b5f050:   1500000000730000 00000000684f53b3
0x0000000009b5f060:   0000000009b5f190 0000000000000001
0x0000000009b5f070:   0000000000000001 000000000d004158
0x0000000009b5f080:   0000000000000009 0000000000000000
0x0000000009b5f090:   0000000000000000 0000000000000000
0x0000000009b5f0a0:   0000000000000001 00000000684f5571 

Instructions: (pc=0x000000006894248b)
0x000000006894246b:   48 8b 5c 24 30 48 89 47 18 48 83 c4 20 5f c3 cc
0x000000006894247b:   cc cc cc cc cc 40 53 48 83 ec 20 48 85 c9 74 54
0x000000006894248b:   48 8b 19 48 85 db 74 4c 48 b8 fe fe fe fe fe fe
0x000000006894249b:   fe fe 48 3b d8 74 3d 80 3d 8f 87 60 00 00 74 15 


Register to memory mapping:

RAX=0x0000000009b5f001 is pointing into the stack for thread: 0x0000000008506000
RBX=0x0000000008506000 is a thread
RCX=0x1500000000730000 is an unknown value
RDX=0x0000000000000000 is an unknown value
RSP=0x0000000009b5efb0 is pointing into the stack for thread: 0x0000000008506000
RBP=0x1500000000730000 is an unknown value
RSI=0x0000000009b5f0c8 is pointing into the stack for thread: 0x0000000008506000
RDI=0x0000000002724400 is an unknown value
R8 =0x0000000008506000 is a thread
R9 =0x0000000000008000 is an unknown value
R10=0x0000000000000000 is an unknown value
R11=0x000000000b6e071b is an unknown value
R12=0x0000000000000000 is an unknown value
R13=0x00000000084fa3e8 is an unknown value
R14=0x0000000000000000 is an unknown value
R15=0x0000000000000000 is an unknown value


Stack: [0x0000000009a60000,0x0000000009b60000],  sp=0x0000000009b5efb0,  free space=1019k
Native frames: (J=compiled Java code, j=interpreted, Vv=VM code, C=native code)
V  [jvm.dll+0x14248b]

[error occurred during error reporting (printing native stack), id 0xc0000005]


---------------  P R O C E S S  ---------------

Java Threads: ( => current thread )
  0x000000000b71b800 JavaThread "DynamicPooledExecutor" daemon [_thread_blocked, id=4676, stack(0x000000000fe20000,0x000000000ff20000)]
  0x000000000b71c000 JavaThread "http-nio-8080-exec-10" daemon [_thread_blocked, id=4036, stack(0x0000000010720000,0x0000000010820000)]
  0x000000000b71d800 JavaThread "http-nio-8080-exec-9" daemon [_thread_blocked, id=388, stack(0x0000000010620000,0x0000000010720000)]
  0x000000000b718800 JavaThread "http-nio-8080-exec-8" daemon [_thread_blocked, id=6584, stack(0x0000000010520000,0x0000000010620000)]
  0x000000000b717800 JavaThread "http-nio-8080-exec-7" daemon [_thread_blocked, id=76, stack(0x0000000010420000,0x0000000010520000)]
  0x000000000b71a800 JavaThread "http-nio-8080-exec-6" daemon [_thread_blocked, id=4340, stack(0x0000000010320000,0x0000000010420000)]
  0x000000000b717000 JavaThread "http-nio-8080-exec-5" daemon [_thread_blocked, id=6688, stack(0x0000000010220000,0x0000000010320000)]
  0x000000000b71a000 JavaThread "http-nio-8080-exec-4" daemon [_thread_blocked, id=4088, stack(0x0000000010120000,0x0000000010220000)]
  0x000000000b719000 JavaThread "http-nio-8080-exec-3" daemon [_thread_blocked, id=3496, stack(0x0000000010020000,0x0000000010120000)]
  0x000000000adf2800 JavaThread "http-nio-8080-exec-2" daemon [_thread_blocked, id=1400, stack(0x000000000ff20000,0x0000000010020000)]
  0x000000000adf1800 JavaThread "jackrabbit-pool-8" daemon [_thread_blocked, id=8092, stack(0x000000000fd20000,0x000000000fe20000)]
  0x000000000adf1000 JavaThread "jackrabbit-pool-7" daemon [_thread_blocked, id=5620, stack(0x000000000fc20000,0x000000000fd20000)]
  0x000000000adf0000 JavaThread "jackrabbit-pool-6" daemon [_thread_blocked, id=7496, stack(0x000000000fb20000,0x000000000fc20000)]
  0x000000000aded000 JavaThread "ObservationManager" daemon [_thread_blocked, id=7064, stack(0x000000000fa20000,0x000000000fb20000)]
  0x000000000adec800 JavaThread "jackrabbit-pool-5" daemon [_thread_blocked, id=3820, stack(0x000000000f920000,0x000000000fa20000)]
  0x000000000adef800 JavaThread "derby.rawStoreDaemon" daemon [_thread_blocked, id=6296, stack(0x000000000f820000,0x000000000f920000)]
  0x000000000adee800 JavaThread "jackrabbit-pool-4" daemon [_thread_blocked, id=6920, stack(0x000000000f720000,0x000000000f820000)]
  0x000000000adee000 JavaThread "jackrabbit-pool-3" daemon [_thread_blocked, id=1516, stack(0x000000000f620000,0x000000000f720000)]
  0x000000000b9db000 JavaThread "derby.rawStoreDaemon" daemon [_thread_blocked, id=4312, stack(0x000000000f520000,0x000000000f620000)]
  0x000000000b9da800 JavaThread "Timer-1" daemon [_thread_blocked, id=6216, stack(0x000000000f420000,0x000000000f520000)]
  0x000000000b9d6800 JavaThread "Timer-0" daemon [_thread_blocked, id=5856, stack(0x000000000f320000,0x000000000f420000)]
  0x000000000b9d9800 JavaThread "jackrabbit-pool-2" daemon [_thread_blocked, id=3232, stack(0x000000000f220000,0x000000000f320000)]
  0x000000000b9d6000 JavaThread "derby.antiGC" daemon [_thread_blocked, id=3276, stack(0x000000000f120000,0x000000000f220000)]
  0x000000000b9d5000 JavaThread "jackrabbit-pool-1" daemon [_thread_blocked, id=3256, stack(0x000000000f020000,0x000000000f120000)]
  0x000000000b9d7800 JavaThread "http-nio-8080-exec-1" daemon [_thread_blocked, id=5768, stack(0x000000000ef20000,0x000000000f020000)]
  0x000000000b9d9000 JavaThread "DestroyJavaVM" [_thread_blocked, id=6124, stack(0x0000000002550000,0x0000000002650000)]
  0x000000000b9d4800 JavaThread "http-nio-8080-Acceptor-0" daemon [_thread_in_native, id=5436, stack(0x000000000ed20000,0x000000000ee20000)]
  0x000000000c9c3800 JavaThread "http-nio-8080-ClientPoller-1" daemon [_thread_in_native, id=6400, stack(0x000000000da80000,0x000000000db80000)]
  0x000000000c963800 JavaThread "http-nio-8080-ClientPoller-0" daemon [_thread_in_native, id=7184, stack(0x000000000d580000,0x000000000d680000)]
  0x000000000c963000 JavaThread "NioBlockingSelector.BlockPoller-1" daemon [_thread_blocked, id=7968, stack(0x000000000d480000,0x000000000d580000)]
  0x000000000c754800 JavaThread "Thread-2" [_thread_blocked, id=3260, stack(0x000000000d980000,0x000000000da80000)]
  0x000000000cd1c800 JavaThread "Abandoned connection cleanup thread" daemon [_thread_blocked, id=1496, stack(0x000000000d880000,0x000000000d980000)]
  0x000000000cbb4800 JavaThread "container-0" [_thread_blocked, id=3340, stack(0x000000000d780000,0x000000000d880000)]
  0x000000000b910800 JavaThread "ContainerBackgroundProcessor[StandardEngine[Tomcat].StandardHost[localhost].StandardContext[]]" daemon [_thread_blocked, id=7860, stack(0x000000000d680000,0x000000000d780000)]
  0x000000000a9c7800 JavaThread "RMI TCP Accept-0" daemon [_thread_in_native, id=4256, stack(0x000000000b1f0000,0x000000000b2f0000)]
  0x000000000a91c800 JavaThread "RMI TCP Accept-60488" daemon [_thread_in_native, id=7220, stack(0x000000000b0f0000,0x000000000b1f0000)]
  0x000000000a9b1800 JavaThread "RMI TCP Accept-0" daemon [_thread_in_native, id=3436, stack(0x000000000aff0000,0x000000000b0f0000)]
  0x000000000852e800 JavaThread "Service Thread" daemon [_thread_blocked, id=992, stack(0x000000000a2f0000,0x000000000a3f0000)]
  0x000000000852a000 JavaThread "C2 CompilerThread1" daemon [_thread_blocked, id=5984, stack(0x000000000a1f0000,0x000000000a2f0000)]
  0x0000000008527000 JavaThread "C2 CompilerThread0" daemon [_thread_blocked, id=6364, stack(0x000000000a0f0000,0x000000000a1f0000)]
  0x0000000008516800 JavaThread "JDWP Command Reader" daemon [_thread_in_native, id=4064, stack(0x0000000009ff0000,0x000000000a0f0000)]
  0x0000000008513800 JavaThread "JDWP Event Helper Thread" daemon [_thread_blocked, id=948, stack(0x0000000009ef0000,0x0000000009ff0000)]
=>0x0000000008506000 JavaThread "JDWP Transport Listener: dt_socket" daemon [_thread_in_vm, id=7248, stack(0x0000000009a60000,0x0000000009b60000)]
  0x00000000084fb800 JavaThread "Attach Listener" daemon [_thread_blocked, id=1660, stack(0x0000000009960000,0x0000000009a60000)]
  0x000000000281e800 JavaThread "Signal Dispatcher" daemon [_thread_blocked, id=7540, stack(0x0000000009860000,0x0000000009960000)]
  0x0000000002810800 JavaThread "Finalizer" daemon [_thread_blocked, id=6660, stack(0x0000000009760000,0x0000000009860000)]
  0x00000000084d4000 JavaThread "Reference Handler" daemon [_thread_blocked, id=784, stack(0x0000000009660000,0x0000000009760000)]

Other Threads:
  0x00000000084d1800 VMThread [stack: 0x0000000009560000,0x0000000009660000] [id=392]
  0x000000000ab87000 WatcherThread [stack: 0x000000000b2f0000,0x000000000b3f0000] [id=7836]

VM state:synchronizing (normal execution)

VM Mutex/Monitor currently owned by a thread:  ([mutex/lock_event])
[0x0000000002725c80] Threads_lock - owner thread: 0x00000000084d1800

Heap
 PSYoungGen      total 192000K, used 82989K [0x00000000eb300000, 0x00000000fcb80000, 0x0000000100000000)
  eden space 190464K, 42% used [0x00000000eb300000,0x00000000f028b420,0x00000000f6d00000)
  from space 1536K, 100% used [0x00000000fca00000,0x00000000fcb80000,0x00000000fcb80000)
  to   space 19968K, 0% used [0x00000000fa480000,0x00000000fa480000,0x00000000fb800000)
 ParOldGen       total 76288K, used 55001K [0x00000000c1a00000, 0x00000000c6480000, 0x00000000eb300000)
  object space 76288K, 72% used [0x00000000c1a00000,0x00000000c4fb6730,0x00000000c6480000)
 PSPermGen       total 83968K, used 70034K [0x00000000bc800000, 0x00000000c1a00000, 0x00000000c1a00000)
  object space 83968K, 83% used [0x00000000bc800000,0x00000000c0c64890,0x00000000c1a00000)

Card table byte_map: [0x0000000005820000,0x0000000005a40000] byte_map_base: 0x000000000523c000

Polling page: 0x0000000000bd0000

Code Cache  [0x0000000002820000, 0x0000000002eb0000, 0x0000000005820000)
 total_blobs=2547 nmethods=1862 adapters=642 free_code_cache=42594Kb largest_free_block=43494080

Compilation events (10 events):
Event: 4167.071 Thread 0x0000000008527000 2062             com.sun.xml.internal.messaging.saaj.soap.name.NameImpl::getLocalName (5 bytes)
Event: 4167.072 Thread 0x0000000008527000 nmethod 2062 0x0000000002d90d10 code [0x0000000002d90e40, 0x0000000002d90e98]
Event: 4169.214 Thread 0x000000000852a000 2063   !         com.sun.xml.bind.v2.runtime.property.ArrayElementProperty::serializeListBody (250 bytes)
Event: 4169.225 Thread 0x0000000008527000 2064             com.sun.xml.bind.unmarshaller.DOMScanner::visit (439 bytes)
Event: 4169.244 Thread 0x000000000852a000 nmethod 2063 0x0000000002e1a750 code [0x0000000002e1a9e0, 0x0000000002e1bc40]
Event: 4169.273 Thread 0x0000000008527000 nmethod 2064 0x0000000002ea03d0 code [0x0000000002ea0780, 0x0000000002ea2558]
Event: 4251.668 Thread 0x000000000852a000 2065             org.apache.jackrabbit.spi.commons.conversion.ParsingPathResolver::getJCRPath (218 bytes)
Event: 4251.719 Thread 0x000000000852a000 nmethod 2065 0x0000000002e9b890 code [0x0000000002e9bae0, 0x0000000002e9c8d0]
Event: 4898.105 Thread 0x0000000008527000 2066             java.nio.channels.spi.AbstractSelector::isOpen (8 bytes)
Event: 4898.108 Thread 0x0000000008527000 nmethod 2066 0x0000000002d90a90 code [0x0000000002d90bc0, 0x0000000002d90c58]

GC Heap History (10 events):
Event: 1987.245 GC heap before
{Heap before GC invocations=19 (full 1):
 PSYoungGen      total 252928K, used 240499K [0x00000000eb300000, 0x00000000ff500000, 0x0000000100000000)
  eden space 239616K, 100% used [0x00000000eb300000,0x00000000f9d00000,0x00000000f9d00000)
  from space 13312K, 6% used [0x00000000fe580000,0x00000000fe65cdb8,0x00000000ff280000)
  to   space 2560K, 0% used [0x00000000ff280000,0x00000000ff280000,0x00000000ff500000)
 ParOldGen       total 76288K, used 47836K [0x00000000c1a00000, 0x00000000c6480000, 0x00000000eb300000)
  object space 76288K, 62% used [0x00000000c1a00000,0x00000000c48b71f8,0x00000000c6480000)
 PSPermGen       total 83968K, used 69195K [0x00000000bc800000, 0x00000000c1a00000, 0x00000000c1a00000)
  object space 83968K, 82% used [0x00000000bc800000,0x00000000c0b92cd0,0x00000000c1a00000)
Event: 1987.278 GC heap after
Heap after GC invocations=19 (full 1):
 PSYoungGen      total 231424K, used 2528K [0x00000000eb300000, 0x00000000ff500000, 0x0000000100000000)
  eden space 228864K, 0% used [0x00000000eb300000,0x00000000eb300000,0x00000000f9280000)
  from space 2560K, 98% used [0x00000000ff280000,0x00000000ff4f80c0,0x00000000ff500000)
  to   space 22016K, 0% used [0x00000000fca00000,0x00000000fca00000,0x00000000fdf80000)
 ParOldGen       total 76288K, used 50070K [0x00000000c1a00000, 0x00000000c6480000, 0x00000000eb300000)
  object space 76288K, 65% used [0x00000000c1a00000,0x00000000c4ae58b0,0x00000000c6480000)
 PSPermGen       total 83968K, used 69195K [0x00000000bc800000, 0x00000000c1a00000, 0x00000000c1a00000)
  object space 83968K, 82% used [0x00000000bc800000,0x00000000c0b92cd0,0x00000000c1a00000)
}
Event: 2881.628 GC heap before
{Heap before GC invocations=20 (full 1):
 PSYoungGen      total 231424K, used 231307K [0x00000000eb300000, 0x00000000ff500000, 0x0000000100000000)
  eden space 228864K, 99% used [0x00000000eb300000,0x00000000f926acc8,0x00000000f9280000)
  from space 2560K, 98% used [0x00000000ff280000,0x00000000ff4f80c0,0x00000000ff500000)
  to   space 22016K, 0% used [0x00000000fca00000,0x00000000fca00000,0x00000000fdf80000)
 ParOldGen       total 76288K, used 50070K [0x00000000c1a00000, 0x00000000c6480000, 0x00000000eb300000)
  object space 76288K, 65% used [0x00000000c1a00000,0x00000000c4ae58b0,0x00000000c6480000)
 PSPermGen       total 83968K, used 69332K [0x00000000bc800000, 0x00000000c1a00000, 0x00000000c1a00000)
  object space 83968K, 82% used [0x00000000bc800000,0x00000000c0bb50f0,0x00000000c1a00000)
Event: 2881.655 GC heap after
Heap after GC invocations=20 (full 1):
 PSYoungGen      total 221184K, used 2368K [0x00000000eb300000, 0x00000000ff300000, 0x0000000100000000)
  eden space 218624K, 0% used [0x00000000eb300000,0x00000000eb300000,0x00000000f8880000)
  from space 2560K, 92% used [0x00000000fca00000,0x00000000fcc50030,0x00000000fcc80000)
  to   space 22016K, 0% used [0x00000000fdd80000,0x00000000fdd80000,0x00000000ff300000)
 ParOldGen       total 76288K, used 52051K [0x00000000c1a00000, 0x00000000c6480000, 0x00000000eb300000)
  object space 76288K, 68% used [0x00000000c1a00000,0x00000000c4cd4d80,0x00000000c6480000)
 PSPermGen       total 83968K, used 69332K [0x00000000bc800000, 0x00000000c1a00000, 0x00000000c1a00000)
  object space 83968K, 82% used [0x00000000bc800000,0x00000000c0bb50f0,0x00000000c1a00000)
}
Event: 3218.130 GC heap before
{Heap before GC invocations=21 (full 1):
 PSYoungGen      total 221184K, used 220992K [0x00000000eb300000, 0x00000000ff300000, 0x0000000100000000)
  eden space 218624K, 100% used [0x00000000eb300000,0x00000000f8880000,0x00000000f8880000)
  from space 2560K, 92% used [0x00000000fca00000,0x00000000fcc50030,0x00000000fcc80000)
  to   space 22016K, 0% used [0x00000000fdd80000,0x00000000fdd80000,0x00000000ff300000)
 ParOldGen       total 76288K, used 52051K [0x00000000c1a00000, 0x00000000c6480000, 0x00000000eb300000)
  object space 76288K, 68% used [0x00000000c1a00000,0x00000000c4cd4d80,0x00000000c6480000)
 PSPermGen       total 83968K, used 69810K [0x00000000bc800000, 0x00000000c1a00000, 0x00000000c1a00000)
  object space 83968K, 83% used [0x00000000bc800000,0x00000000c0c2cb98,0x00000000c1a00000)
Event: 3218.152 GC heap after
Heap after GC invocations=21 (full 1):
 PSYoungGen      total 212480K, used 3572K [0x00000000eb300000, 0x00000000fe100000, 0x0000000100000000)
  eden space 208896K, 0% used [0x00000000eb300000,0x00000000eb300000,0x00000000f7f00000)
  from space 3584K, 99% used [0x00000000fdd80000,0x00000000fe0fd128,0x00000000fe100000)
  to   space 20992K, 0% used [0x00000000fb800000,0x00000000fb800000,0x00000000fcc80000)
 ParOldGen       total 76288K, used 52619K [0x00000000c1a00000, 0x00000000c6480000, 0x00000000eb300000)
  object space 76288K, 68% used [0x00000000c1a00000,0x00000000c4d62dd0,0x00000000c6480000)
 PSPermGen       total 83968K, used 69810K [0x00000000bc800000, 0x00000000c1a00000, 0x00000000c1a00000)
  object space 83968K, 83% used [0x00000000bc800000,0x00000000c0c2cb98,0x00000000c1a00000)
}
Event: 3376.993 GC heap before
{Heap before GC invocations=22 (full 1):
 PSYoungGen      total 212480K, used 212468K [0x00000000eb300000, 0x00000000fe100000, 0x0000000100000000)
  eden space 208896K, 100% used [0x00000000eb300000,0x00000000f7f00000,0x00000000f7f00000)
  from space 3584K, 99% used [0x00000000fdd80000,0x00000000fe0fd128,0x00000000fe100000)
  to   space 20992K, 0% used [0x00000000fb800000,0x00000000fb800000,0x00000000fcc80000)
 ParOldGen       total 76288K, used 52619K [0x00000000c1a00000, 0x00000000c6480000, 0x00000000eb300000)
  object space 76288K, 68% used [0x00000000c1a00000,0x00000000c4d62dd0,0x00000000c6480000)
 PSPermGen       total 83968K, used 69822K [0x00000000bc800000, 0x00000000c1a00000, 0x00000000c1a00000)
  object space 83968K, 83% used [0x00000000bc800000,0x00000000c0c2fa10,0x00000000c1a00000)
Event: 3377.010 GC heap after
Heap after GC invocations=22 (full 1):
 PSYoungGen      total 201728K, used 1568K [0x00000000eb300000, 0x00000000fde00000, 0x0000000100000000)
  eden space 199680K, 0% used [0x00000000eb300000,0x00000000eb300000,0x00000000f7600000)
  from space 2048K, 76% used [0x00000000fb800000,0x00000000fb988000,0x00000000fba00000)
  to   space 20480K, 0% used [0x00000000fca00000,0x00000000fca00000,0x00000000fde00000)
 ParOldGen       total 76288K, used 54953K [0x00000000c1a00000, 0x00000000c6480000, 0x00000000eb300000)
  object space 76288K, 72% used [0x00000000c1a00000,0x00000000c4faa730,0x00000000c6480000)
 PSPermGen       total 83968K, used 69822K [0x00000000bc800000, 0x00000000c1a00000, 0x00000000c1a00000)
  object space 83968K, 83% used [0x00000000bc800000,0x00000000c0c2fa10,0x00000000c1a00000)
}
Event: 4142.760 GC heap before
{Heap before GC invocations=23 (full 1):
 PSYoungGen      total 201728K, used 201248K [0x00000000eb300000, 0x00000000fde00000, 0x0000000100000000)
  eden space 199680K, 100% used [0x00000000eb300000,0x00000000f7600000,0x00000000f7600000)
  from space 2048K, 76% used [0x00000000fb800000,0x00000000fb988000,0x00000000fba00000)
  to   space 20480K, 0% used [0x00000000fca00000,0x00000000fca00000,0x00000000fde00000)
 ParOldGen       total 76288K, used 54953K [0x00000000c1a00000, 0x00000000c6480000, 0x00000000eb300000)
  object space 76288K, 72% used [0x00000000c1a00000,0x00000000c4faa730,0x00000000c6480000)
 PSPermGen       total 83968K, used 69862K [0x00000000bc800000, 0x00000000c1a00000, 0x00000000c1a00000)
  object space 83968K, 83% used [0x00000000bc800000,0x00000000c0c39890,0x00000000c1a00000)
Event: 4142.782 GC heap after
Heap after GC invocations=23 (full 1):
 PSYoungGen      total 192000K, used 1536K [0x00000000eb300000, 0x00000000fcb80000, 0x0000000100000000)
  eden space 190464K, 0% used [0x00000000eb300000,0x00000000eb300000,0x00000000f6d00000)
  from space 1536K, 100% used [0x00000000fca00000,0x00000000fcb80000,0x00000000fcb80000)
  to   space 19968K, 0% used [0x00000000fa480000,0x00000000fa480000,0x00000000fb800000)
 ParOldGen       total 76288K, used 55001K [0x00000000c1a00000, 0x00000000c6480000, 0x00000000eb300000)
  object space 76288K, 72% used [0x00000000c1a00000,0x00000000c4fb6730,0x00000000c6480000)
 PSPermGen       total 83968K, used 69862K [0x00000000bc800000, 0x00000000c1a00000, 0x00000000c1a00000)
  object space 83968K, 83% used [0x00000000bc800000,0x00000000c0c39890,0x00000000c1a00000)
}

Deoptimization events (10 events):
Event: 3927.817 Thread 0x000000000adf2800 Uncommon trap: reason=unhandled action=none pc=0x0000000002cbb730 method=java.lang.String.substring(I)Ljava/lang/String; @ 33
Event: 4080.212 Thread 0x000000000b718800 Uncommon trap: reason=range_check action=make_not_entrant pc=0x0000000002e2a364 method=org.apache.lucene.util.ScorerDocQueue.downHeap()V @ 7
Event: 4162.784 Thread 0x000000000b71c000 Uncommon trap: reason=unreached action=reinterpret pc=0x0000000002dceba8 method=org.apache.jackrabbit.core.state.ItemState.hasOverlayedState()Z @ 4
Event: 4162.784 Thread 0x000000000b71c000 Uncommon trap: reason=unreached action=reinterpret pc=0x0000000002dd47d4 method=org.apache.jackrabbit.core.state.ItemState.hasOverlayedState()Z @ 4
Event: 4162.784 Thread 0x000000000b71c000 Uncommon trap: reason=unreached action=reinterpret pc=0x0000000002dcd048 method=org.apache.jackrabbit.core.state.ItemState.hasOverlayedState()Z @ 4
Event: 4162.849 Thread 0x000000000b71c000 Uncommon trap: reason=unreached action=reinterpret pc=0x0000000002e12538 method=org.apache.jackrabbit.core.CachingHierarchyManager.evictAll(Lorg/apache/jackrabbit/core/id/ItemId;Z)V @ 22
Event: 4162.862 Thread 0x000000000b71c000 Uncommon trap: reason=bimorphic action=maybe_recompile pc=0x0000000002d84850 method=org.apache.derby.impl.sql.conn.GenericLanguageConnectionContext.endTransactionActivationHandling(Z)V @ 98
Event: 4162.877 Thread 0x000000000b71c000 Uncommon trap: reason=bimorphic action=maybe_recompile pc=0x0000000002d84850 method=org.apache.derby.impl.sql.conn.GenericLanguageConnectionContext.endTransactionActivationHandling(Z)V @ 98
Event: 4166.460 Thread 0x000000000b717800 Uncommon trap: reason=unhandled action=none pc=0x00000000029e2290 method=java.net.URLClassLoader$1.run()Ljava/lang/Class; @ 72
Event: 4195.234 Thread 0x000000000b9da800 Uncommon trap: reason=unreached action=reinterpret pc=0x0000000002e09e2c method=org.apache.derby.impl.sql.execute.BaseActivation.getParameterValueSet()Lorg/apache/derby/iapi/sql/ParameterValueSet; @ 4

Internal exceptions (10 events):
Event: 3184.678 Thread 0x000000000b9d5000 Threw 0x00000000f71f5c90 at C:\re\jdk7u51\527\hotspot\src\share\vm\prims\jni.cpp:717
Event: 3217.773 Thread 0x000000000b717000 Implicit null exception at 0x0000000002d8f3f8 to 0x0000000002d91155
Event: 4162.784 Thread 0x000000000b71c000 Implicit null exception at 0x0000000002dd4708 to 0x0000000002dd47bd
Event: 4166.290 Thread 0x000000000adee800 Threw 0x00000000eb896e50 at C:\re\jdk7u51\527\hotspot\src\share\vm\prims\jni.cpp:717
Event: 4166.305 Thread 0x000000000adee800 Threw 0x00000000eb89ade0 at C:\re\jdk7u51\527\hotspot\src\share\vm\prims\jni.cpp:717
Event: 4166.306 Thread 0x000000000adee800 Threw 0x00000000eb89de10 at C:\re\jdk7u51\527\hotspot\src\share\vm\prims\jni.cpp:717
Event: 4166.460 Thread 0x000000000b717800 Threw 0x00000000eda22328 at C:\re\jdk7u51\527\hotspot\src\share\vm\prims\jvm.cpp:1244
Event: 4166.687 Thread 0x000000000adf1000 Threw 0x00000000ebe2a810 at C:\re\jdk7u51\527\hotspot\src\share\vm\prims\jni.cpp:717
Event: 4166.688 Thread 0x000000000adf1000 Threw 0x00000000ebe2ea10 at C:\re\jdk7u51\527\hotspot\src\share\vm\prims\jni.cpp:717
Event: 4166.688 Thread 0x000000000adf1000 Threw 0x00000000ebe31bf0 at C:\re\jdk7u51\527\hotspot\src\share\vm\prims\jni.cpp:717

Events (10 events):
Event: 5191.670 Executing VM operation: GetCurrentLocation
Event: 5191.671 Executing VM operation: GetCurrentLocation done
Event: 5191.671 Executing VM operation: EnterInterpOnlyMode
Event: 5191.671 Executing VM operation: EnterInterpOnlyMode done
Event: 5191.671 Executing VM operation: ChangeSingleStep
Event: 5191.671 Executing VM operation: ChangeSingleStep done
Event: 5191.698 Executing VM operation: ChangeSingleStep
Event: 5191.698 Executing VM operation: ChangeSingleStep done
Event: 5191.762 Executing VM operation: RedefineClasses
Event: 5191.784 Executing VM operation: RedefineClasses done


Dynamic libraries:
0x00007ff745cf0000 - 0x00007ff745d23000 	C:\Program Files\Java\jdk1.7.0_51\bin\javaw.exe
0x00007ffc90190000 - 0x00007ffc9033c000 	C:\WINDOWS\SYSTEM32\ntdll.dll
0x00007ffc8dd20000 - 0x00007ffc8de5e000 	C:\WINDOWS\system32\KERNEL32.DLL
0x00007ffc8d400000 - 0x00007ffc8d515000 	C:\WINDOWS\system32\KERNELBASE.dll
0x00007ffc8be80000 - 0x00007ffc8bf0e000 	C:\WINDOWS\system32\apphelp.dll
0x00007ffc785f0000 - 0x00007ffc78643000 	C:\WINDOWS\AppPatch\AppPatch64\AcGenral.DLL
0x00007ffc8de60000 - 0x00007ffc8df0a000 	C:\WINDOWS\system32\msvcrt.dll
0x00007ffc8d0b0000 - 0x00007ffc8d0de000 	C:\WINDOWS\SYSTEM32\SspiCli.dll
0x00007ffc8fb20000 - 0x00007ffc8fb74000 	C:\WINDOWS\system32\SHLWAPI.dll
0x00007ffc8d810000 - 0x00007ffc8d987000 	C:\WINDOWS\system32\USER32.dll
0x00007ffc8ff20000 - 0x00007ffc900b4000 	C:\WINDOWS\system32\ole32.dll
0x00007ffc8e250000 - 0x00007ffc8f768000 	C:\WINDOWS\system32\SHELL32.dll
0x00007ffc8c850000 - 0x00007ffc8c871000 	C:\WINDOWS\SYSTEM32\USERENV.dll
0x00007ffc8f770000 - 0x00007ffc8f81a000 	C:\WINDOWS\system32\ADVAPI32.dll
0x00007ffc7f270000 - 0x00007ffc7f28e000 	C:\WINDOWS\SYSTEM32\MPR.dll
0x00007ffc8dbd0000 - 0x00007ffc8dd11000 	C:\WINDOWS\system32\RPCRT4.dll
0x00007ffc8f9e0000 - 0x00007ffc8fa39000 	C:\WINDOWS\SYSTEM32\sechost.dll
0x00007ffc8d9b0000 - 0x00007ffc8dbc1000 	C:\WINDOWS\SYSTEM32\combase.dll
0x00007ffc8f820000 - 0x00007ffc8f971000 	C:\WINDOWS\system32\GDI32.dll
0x00007ffc8d2e0000 - 0x00007ffc8d2f5000 	C:\WINDOWS\SYSTEM32\profapi.dll
0x00007ffc8b8b0000 - 0x00007ffc8b962000 	C:\WINDOWS\SYSTEM32\SHCORE.dll
0x00007ffc8e0d0000 - 0x00007ffc8e106000 	C:\WINDOWS\system32\IMM32.DLL
0x00007ffc8fb80000 - 0x00007ffc8fcd2000 	C:\WINDOWS\system32\MSCTF.dll
0x00007ffc8afe0000 - 0x00007ffc8b25a000 	C:\WINDOWS\WinSxS\amd64_microsoft.windows.common-controls_6595b64144ccf1df_6.0.9600.17810_none_6240b9c7ecbd0bda\COMCTL32.dll
0x0000000068530000 - 0x0000000068602000 	C:\Program Files\Java\jdk1.7.0_51\jre\bin\msvcr100.dll
0x0000000068800000 - 0x0000000068fc9000 	C:\Program Files\Java\jdk1.7.0_51\jre\bin\server\jvm.dll
0x00007ffc8b3f0000 - 0x00007ffc8b3f9000 	C:\WINDOWS\SYSTEM32\WSOCK32.dll
0x00007ffc8b470000 - 0x00007ffc8b492000 	C:\WINDOWS\SYSTEM32\WINMM.dll
0x00007ffc90180000 - 0x00007ffc90187000 	C:\WINDOWS\system32\PSAPI.DLL
0x00007ffc8fec0000 - 0x00007ffc8ff1a000 	C:\WINDOWS\system32\WS2_32.dll
0x00007ffc8b440000 - 0x00007ffc8b46a000 	C:\WINDOWS\SYSTEM32\WINMMBASE.dll
0x00007ffc8fa40000 - 0x00007ffc8fa49000 	C:\WINDOWS\system32\NSI.dll
0x00007ffc8d3b0000 - 0x00007ffc8d3ff000 	C:\WINDOWS\SYSTEM32\cfgmgr32.dll
0x00007ffc8c100000 - 0x00007ffc8c128000 	C:\WINDOWS\SYSTEM32\DEVOBJ.dll
0x00000000687f0000 - 0x00000000687ff000 	C:\Program Files\Java\jdk1.7.0_51\jre\bin\verify.dll
0x00000000687c0000 - 0x00000000687e8000 	C:\Program Files\Java\jdk1.7.0_51\jre\bin\java.dll
0x00000000684f0000 - 0x0000000068525000 	C:\Program Files\Java\jdk1.7.0_51\jre\bin\jdwp.dll
0x00000000684e0000 - 0x00000000684e8000 	C:\Program Files\Java\jdk1.7.0_51\jre\bin\npt.dll
0x00000000687a0000 - 0x00000000687b5000 	C:\Program Files\Java\jdk1.7.0_51\jre\bin\zip.dll
0x00000000684d0000 - 0x00000000684d9000 	C:\Program Files\Java\jdk1.7.0_51\jre\bin\dt_socket.dll
0x00007ffc7af60000 - 0x00007ffc7af75000 	C:\WINDOWS\system32\napinsp.dll
0x00007ffc7af40000 - 0x00007ffc7af5a000 	C:\WINDOWS\system32\pnrpnsp.dll
0x00007ffc8ab70000 - 0x00007ffc8ab8b000 	C:\WINDOWS\system32\NLAapi.dll
0x00007ffc8caf0000 - 0x00007ffc8cb49000 	C:\WINDOWS\System32\mswsock.dll
0x00007ffc8c9d0000 - 0x00007ffc8ca74000 	C:\WINDOWS\SYSTEM32\DNSAPI.dll
0x00007ffc7b940000 - 0x00007ffc7b94d000 	C:\WINDOWS\System32\winrnr.dll
0x0000000069060000 - 0x0000000069086000 	c:\Program Files\Bonjour\mdnsNSP.dll
0x00007ffc87dd0000 - 0x00007ffc87dfa000 	C:\WINDOWS\SYSTEM32\Iphlpapi.DLL
0x00007ffc87860000 - 0x00007ffc8786a000 	C:\WINDOWS\SYSTEM32\WINNSI.DLL
0x00007ffc87730000 - 0x00007ffc8779b000 	C:\WINDOWS\System32\fwpuclnt.dll
0x00007ffc7f5b0000 - 0x00007ffc7f5ba000 	C:\Windows\System32\rasadhlp.dll
0x00000000684c0000 - 0x00000000684cb000 	C:\Program Files\Java\jdk1.7.0_51\jre\bin\management.dll
0x0000000068780000 - 0x0000000068799000 	C:\Program Files\Java\jdk1.7.0_51\jre\bin\net.dll
0x0000000068760000 - 0x0000000068771000 	C:\Program Files\Java\jdk1.7.0_51\jre\bin\nio.dll
0x00007ffc8cb50000 - 0x00007ffc8cb70000 	C:\WINDOWS\SYSTEM32\CRYPTSP.dll
0x00007ffc8c760000 - 0x00007ffc8c796000 	C:\WINDOWS\system32\rsaenh.dll
0x00007ffc8cd60000 - 0x00007ffc8cd86000 	C:\WINDOWS\SYSTEM32\bcrypt.dll
0x00007ffc8d0e0000 - 0x00007ffc8d143000 	C:\WINDOWS\system32\bcryptprimitives.dll
0x00007ffc8d250000 - 0x00007ffc8d25b000 	C:\WINDOWS\SYSTEM32\CRYPTBASE.dll
0x00007ffc8a770000 - 0x00007ffc8a8f9000 	C:\WINDOWS\SYSTEM32\dbghelp.dll

VM Arguments:
jvm_args: -agentlib:jdwp=transport=dt_socket,suspend=y,address=localhost:14022 -Dspring.liveBeansView.mbeanDomain -Dcom.sun.management.jmxremote -Dcom.sun.management.jmxremote.port=60488 -Dcom.sun.management.jmxremote.authenticate=false -Dcom.sun.management.jmxremote.ssl=false -Dfile.encoding=UTF-8 
java_command: hello.Application
Launcher Type: SUN_STANDARD

Environment Variables:
PATH=C:\Program Files\Java\jdk1.7.0_51\jre\bin;C:/Program Files/Java/jdk1.7.0_51/bin/../jre/bin/server;C:/Program Files/Java/jdk1.7.0_51/bin/../jre/bin;C:/Program Files/Java/jdk1.7.0_51/bin/../jre/lib/amd64;C:\WINDOWS\system32;C:\WINDOWS;C:\WINDOWS\System32\Wbem;C:\WINDOWS\System32\WindowsPowerShell\v1.0\;C:\Program Files (x86)\Windows Kits\8.1\Windows Performance Toolkit\;C:\Program Files\Microsoft SQL Server\110\Tools\Binn\;C:\Program Files (x86)\Java\jdk1.7.0_67\bin;C:\Program Files (x86)\Java\jdk1.7.0_67\lib;;D:\sts-bundle\sts-3.6.0.RELEASE;
USERNAME=Administrator
OS=Windows_NT
PROCESSOR_IDENTIFIER=Intel64 Family 6 Model 60 Stepping 3, GenuineIntel



---------------  S Y S T E M  ---------------

OS: Windows 8 , 64 bit Build 9200 

CPU:total 4 (2 cores per cpu, 2 threads per core) family 6 model 60 stepping 3, cmov, cx8, fxsr, mmx, sse, sse2, sse3, ssse3, sse4.1, sse4.2, popcnt, avx, avx2, aes, erms, ht, tsc, tscinvbit

Memory: 4k page, physical 4085924k(76940k free), swap 20863140k(14724972k free)

vm_info: Java HotSpot(TM) 64-Bit Server VM (24.51-b03) for windows-amd64 JRE (1.7.0_51-b13), built on Dec 18 2013 18:40:56 by "java_re" with unknown MS VC++:1600

time: Fri Jun 26 13:06:16 2015
elapsed time: 5193 seconds

