f74e2f6f-db04-46ff-a39b-8d984354ecef:134064 root
0639fba8-377f-4db5-afd1-9b0ac57bd3f2:204476 root
ac311186-89a6-46b4-a299-6b9f0e826e78:196600 root
d43f7ab9-8d48-433f-a9ab-5d9c97070080:194316 root
2a1f69ca-cade-4d84-acfc-749b292a91d9:196144 root
fcfe2f1f-f04b-4a66-acfa-a09304e0d272:200412 root
a168bbec-b1eb-421d-a69f-975a6d01d195:194428 root
ff1036a3-8a7f-4d39-aa29-24143aa3dbec:188784 root
5dcb4e31-a457-47c0-a8a6-b48fbf5d2528:186232 root
16bec542-4d69-41a9-abf6-862103bc7f03:189356 root
588d27d1-9016-4b93-af02-e83844129e7a:186784 root
98d79673-3b6f-4f68-aa2e-d781cc14ff29:182820 root
9338d9d8-ba6e-4cf0-a731-5b8d61f11247:212784 root
faf155d9-5020-4290-a2ff-35086a17fb52:208648 root
ed19e5c9-cd3f-4352-a10a-b20c64cb426a:230624 root
d87b71c8-914b-40b8-ac20-43833d5c75ed:202292 root
1e41788d-5123-4e2d-ab3a-1e8343a50ca3:231364 root
ca2eb68e-dafe-4495-a19d-f1875d98572e:262092 root
35c87f48-efb8-4087-acd1-464603d1b909:259808 root
f84b7af6-3bc6-4116-a79f-7cab26378ea8:245852 root
15d8b733-3b4f-4420-ac4a-818d89776781:248428 root
b27634b0-ddba-493c-a261-09370338c235:247824 root
c26dde86-70d7-4e32-ac4c-289673c3add9:249420 root
8b18e450-e5d7-4fb4-a84b-d6780fed7f9b:261660 root
28eb3a90-2c1f-4f53-a0e4-7f0693219cb1:261640 root
9f07a2b7-b49e-476b-af16-0305034fb372:261640 root
6d213f2a-895d-4f74-af25-2efc0f4061a3:261660 root
83d731cb-9d95-4781-a6f1-5bfdc35832f0:256128 root
73cf4ab5-c856-4118-a002-f46f4f7a6df4:249596 root
00178493-8bd1-4dd1-ad7a-b86de45b0230:245624 root
66de7557-36a8-46c1-a8cd-50ed74df4f7a:245176 root
b9ce2600-f08d-4799-a04c-638a9d90fe98:243788 root
14d7303d-183f-4e23-a23f-f87ea0ea8239:244492 root
bcd1c3f0-e2c0-4d9f-aa49-9e6b394455a1:243636 root
2ed0d37a-bc90-4ec1-a16f-b9dcdfd681b0:249816 root
bd33d64f-93e6-463e-aac9-d7632a98826f:254168 root
8a94dd56-1e41-4253-a020-ec9addd43505:253432 root
fa784deb-19e8-479c-aa00-f3778c75ce06:246168 root
38c04c02-e38e-496f-a279-5c7c1a936229:262056 root
3290dae0-5d03-4c8f-aa12-053d49be3150:262092 root
54ae3cf0-ea05-49dc-afa7-afa4f74c9af3:262072 root
a3cbe44a-7d3e-40d6-aab8-afb1bc7bec0f:262072 root
a12074dc-9986-4bcf-a320-d4a53eaef2d7:262072 root
d813c6f1-84db-4c07-ad67-b5febb68bc25:262072 root
8c494388-a0d8-4ccd-a309-d515b97991cc:262072 root
0bd87d61-aab1-47e6-a92d-ab5b89da25d5:262072 root
b08255f0-7dbf-4cc5-a8bb-f2f094c67ff5:192328 root 1466147089650
2b36ef0e-88f5-47f3-a083-389b06400a72:261984 root 1466155414702
453985a1-536e-491f-a271-be7e593b3663:262020 root 1466155467344
6372c539-ecae-465b-a8f8-f7ed0a85a26e:262000 root 1466595059886
60fab0f5-617b-4a1a-a1ba-cb54a26ebb4c:262000 root 1466595135661
57a1159b-fac5-4559-a52b-6e8465fe4caa:262000 root 1466830383083
a2d54dc5-ee13-4e0b-a8c1-29c88371980a:258760 root 1466830388175
b2721872-7bb6-422b-adf4-b29d33087816:262020 root 1466830994616
e4ab5bc8-ad4a-4366-a533-45a0fdd536f1:262000 root 1466831028675
c23ffbdb-0ed5-49f2-a0bb-5f9283dc18e1:262000 root 1466831985154
