----------------------------------------------------------------
2015-09-03 11:29:25.538 GMT:
 Booting Derby version The Apache Software Foundation - Apache Derby - 10.5.3.0 - (802917): instance a816c00e-014f-92f7-e97b-0000052a18f8
on database directory D:\SourceControl\backup of 22july\edmsProducing10jan\EDMS-Web-Service-Producing\jackrabbit\version\db  

Database Class Loader started - derby.database.classpath=''
----------------------------------------------------------------
2015-09-03 11:29:28.093 GMT:
 Booting Derby version The Apache Software Foundation - Apache Derby - 10.5.3.0 - (802917): instance 888c4022-014f-92f7-e97b-0000052a18f8
on database directory D:\SourceControl\backup of 22july\edmsProducing10jan\EDMS-Web-Service-Producing\jackrabbit\workspaces\default\db  

Database Class Loader started - derby.database.classpath=''
----------------------------------------------------------------
2015-09-03 11:29:31.456 GMT:
 Booting Derby version The Apache Software Foundation - Apache Derby - 10.5.3.0 - (802917): instance 6965c036-014f-92f7-e97b-0000052a18f8
on database directory D:\SourceControl\backup of 22july\edmsProducing10jan\EDMS-Web-Service-Producing\jackrabbit\workspaces\security\db  

Database Class Loader started - derby.database.classpath=''
----------------------------------------------------------------
2015-09-03 11:29:38.072 GMT:
 Booting Derby version The Apache Software Foundation - Apache Derby - 10.5.3.0 - (802917): instance 4aa3404a-014f-92f7-e97b-0000052a18f8
on database directory D:\SourceControl\backup of 22july\edmsProducing10jan\EDMS-Web-Service-Producing\jackrabbit\workspaces\silverye.in\db  

Database Class Loader started - derby.database.classpath=''
----------------------------------------------------------------
2015-09-03 11:29:44.818 GMT:
 Booting Derby version The Apache Software Foundation - Apache Derby - 10.5.3.0 - (802917): instance 97e00100-014f-92f7-e97b-0000052a18f8
on database directory D:\SourceControl\backup of 22july\edmsProducing10jan\EDMS-Web-Service-Producing\jackrabbit\workspaces\avi-oil.com\db  

Database Class Loader started - derby.database.classpath=''
----------------------------------------------------------------
2015-09-03 11:29:45.339 GMT:
 Booting Derby version The Apache Software Foundation - Apache Derby - 10.5.3.0 - (802917): instance 7d0f8114-014f-92f7-e97b-0000052a18f8
on database directory D:\SourceControl\backup of 22july\edmsProducing10jan\EDMS-Web-Service-Producing\jackrabbit\workspaces\silvereye.in\db  

Database Class Loader started - derby.database.classpath=''
