2015-09-01 11:03:00.635 INFO  [main] RepositoryImpl.java:258           Starting repository...
2015-09-01 11:03:00.635 INFO  [main] LocalFileSystem.java:166          LocalFileSystem initialized at path jackrabbit\repository
2015-09-01 11:03:01.260 INFO  [main] LocalFileSystem.java:166          LocalFileSystem initialized at path jackrabbit\version
2015-09-01 11:03:03.525 INFO  [main] RepositoryImpl.java:2034          initializing workspace 'default'...
2015-09-01 11:03:03.525 INFO  [main] LocalFileSystem.java:166          LocalFileSystem initialized at path jackrabbit\workspaces\default
2015-09-01 11:03:05.791 INFO  [main] SearchIndex.java:610              Index initialized: jackrabbit/repository/index Version: 3
2015-09-01 11:03:05.838 INFO  [main] SearchIndex.java:610              Index initialized: jackrabbit\workspaces\default/index Version: 3
2015-09-01 11:03:05.838 INFO  [main] RepositoryImpl.java:2038          workspace 'default' initialized
2015-09-01 11:03:05.869 INFO  [main] RepositoryImpl.java:454           SecurityManager = class org.apache.jackrabbit.core.DefaultSecurityManager
2015-09-01 11:03:05.869 INFO  [main] RepositoryImpl.java:2034          initializing workspace 'security'...
2015-09-01 11:03:05.869 INFO  [main] LocalFileSystem.java:166          LocalFileSystem initialized at path jackrabbit\workspaces\security
2015-09-01 11:03:06.369 INFO  [main] SearchIndex.java:610              Index initialized: jackrabbit\workspaces\security/index Version: 3
2015-09-01 11:03:06.369 INFO  [main] RepositoryImpl.java:2038          workspace 'security' initialized
2015-09-01 11:03:06.385 INFO  [main] DefaultSecurityManager.java:174   init: use Repository Login-Configuration for Jackrabbit
2015-09-01 11:03:06.510 INFO  [main] RepositoryImpl.java:366           Repository started (5875ms)
2015-09-01 11:03:06.525 INFO  [main] RepositoryAccessServlet.java:103  RepositoryAccessServlet initialized.
2015-09-01 11:03:06.557 INFO  [main] AbstractWebdavServlet.java:169    authenticate-header = Basic realm="Jackrabbit Webdav Server"
2015-09-01 11:03:06.557 INFO  [main] AbstractWebdavServlet.java:174    csrf-protection = null
2015-09-01 11:03:06.557 INFO  [main] AbstractWebdavServlet.java:181    createAbsoluteURI = true
2015-09-01 11:03:06.557 INFO  [main] SimpleWebdavServlet.java:144      resource-path-prefix = '/repository'
2015-09-01 11:03:06.697 INFO  [main] AbstractWebdavServlet.java:169    authenticate-header = Basic realm="Jackrabbit Webdav Server"
2015-09-01 11:03:06.713 INFO  [main] AbstractWebdavServlet.java:174    csrf-protection = null
2015-09-01 11:03:06.713 INFO  [main] AbstractWebdavServlet.java:181    createAbsoluteURI = true
2015-09-01 11:03:06.713 WARN  [main] ProtectedRemoveManager.java:43    protectedhandlers-config is missing -> DIFF processing can fail for the Remove operation if the content toremove is protected!
2015-09-01 11:03:49.915 INFO  [128884379@qtp-1954299908-0] ClusterNode.java:711 [1] 1 system@security:/rep:security/rep:authorizables (12252)
2015-09-01 11:03:50.040 INFO  [128884379@qtp-1954299908-0] ClusterNode.java:711 [2] 2 system@security:/rep:security/rep:authorizables/rep:groups (9858)
2015-09-01 11:03:50.087 INFO  [128884379@qtp-1954299908-0] ClusterNode.java:711 [3] 3 system@security:/rep:security/rep:authorizables/rep:groups (10185)
2015-09-01 11:03:50.149 INFO  [128884379@qtp-1954299908-0] CachingEntryCollector.java:362 Creating cache with max size of: 5000
2015-09-01 11:03:50.149 INFO  [128884379@qtp-1954299908-0] CachingEntryCollector.java:369 Root is special-cased: true
2015-09-01 11:03:50.149 INFO  [128884379@qtp-1954299908-0] CachingEntryCollector.java:73 Cache Update Strategy: T
2015-09-01 11:03:50.149 INFO  [128884379@qtp-1954299908-0] CachingEntryCollector.java:78 Caching entries with no ACLs: false
2015-09-01 11:04:00.754 INFO  [128884379@qtp-1954299908-0] RepositoryImpl.java:2034 initializing workspace 'avi-oil.com'...
2015-09-01 11:04:00.754 INFO  [128884379@qtp-1954299908-0] LocalFileSystem.java:166 LocalFileSystem initialized at path jackrabbit\workspaces\avi-oil.com
2015-09-01 11:04:01.551 INFO  [128884379@qtp-1954299908-0] SearchIndex.java:610 Index initialized: jackrabbit\workspaces\avi-oil.com/index Version: 3
2015-09-01 11:04:01.551 INFO  [128884379@qtp-1954299908-0] RepositoryImpl.java:2038 workspace 'avi-oil.com' initialized
2015-09-01 11:04:01.582 WARN  [128884379@qtp-1954299908-0] UserManagerImpl.java:858 Unexpected user/group node type rep:AuthorizableFolder
2015-09-01 11:04:01.582 WARN  [128884379@qtp-1954299908-0] UserManagerImpl.java:858 Unexpected user/group node type rep:AuthorizableFolder
2015-09-01 11:04:01.582 WARN  [128884379@qtp-1954299908-0] UserManagerImpl.java:858 Unexpected user/group node type rep:AuthorizableFolder
2015-09-01 11:04:01.582 WARN  [128884379@qtp-1954299908-0] UserManagerImpl.java:858 Unexpected user/group node type rep:AuthorizableFolder
2015-09-01 11:04:01.582 WARN  [128884379@qtp-1954299908-0] UserManagerImpl.java:858 Unexpected user/group node type rep:AuthorizableFolder
2015-09-01 11:04:01.660 INFO  [128884379@qtp-1954299908-0] ClusterNode.java:711 [4] 4 system@avi-oil.com:/rep:accesscontrol (18307)
2015-09-03 16:55:17.318 WARN  [main] RepositoryLock.java:134           Existing lock file D:\SourceControl\backup of 22july\edmsProducing10jan\EDMS-Web-Service-Producing\jackrabbit\.lock detected. Repository was not shut down properly.
2015-09-03 16:55:17.375 INFO  [main] RepositoryImpl.java:258           Starting repository...
2015-09-03 16:55:17.385 INFO  [main] LocalFileSystem.java:166          LocalFileSystem initialized at path jackrabbit\repository
2015-09-03 16:55:18.068 INFO  [main] LocalFileSystem.java:166          LocalFileSystem initialized at path jackrabbit\version
2015-09-03 16:55:20.796 INFO  [main] RepositoryImpl.java:2034          initializing workspace 'avi-oil.com'...
2015-09-03 16:55:20.796 INFO  [main] LocalFileSystem.java:166          LocalFileSystem initialized at path jackrabbit\workspaces\avi-oil.com
2015-09-03 16:55:22.216 INFO  [main] SearchIndex.java:610              Index initialized: jackrabbit/repository/index Version: 3
2015-09-03 16:55:22.256 INFO  [main] SearchIndex.java:610              Index initialized: jackrabbit\workspaces\avi-oil.com/index Version: 3
2015-09-03 16:55:22.256 INFO  [main] RepositoryImpl.java:2038          workspace 'avi-oil.com' initialized
2015-09-03 16:55:22.286 INFO  [main] RepositoryImpl.java:454           SecurityManager = class org.apache.jackrabbit.core.DefaultSecurityManager
2015-09-03 16:55:22.306 INFO  [main] DefaultSecurityManager.java:174   init: use Repository Login-Configuration for jcrTest
2015-09-03 16:55:22.421 INFO  [main] RepositoryImpl.java:366           Repository started (5046ms)
2015-09-03 16:55:22.426 INFO  [main] RepositoryAccessServlet.java:103  RepositoryAccessServlet initialized.
2015-09-03 16:55:22.472 INFO  [main] AbstractWebdavServlet.java:169    authenticate-header = Basic realm="Jackrabbit Webdav Server"
2015-09-03 16:55:22.472 INFO  [main] AbstractWebdavServlet.java:174    csrf-protection = null
2015-09-03 16:55:22.472 INFO  [main] AbstractWebdavServlet.java:181    createAbsoluteURI = true
2015-09-03 16:55:22.472 INFO  [main] SimpleWebdavServlet.java:144      resource-path-prefix = '/repository'
2015-09-03 16:55:22.612 INFO  [main] AbstractWebdavServlet.java:169    authenticate-header = Basic realm="Jackrabbit Webdav Server"
2015-09-03 16:55:22.612 INFO  [main] AbstractWebdavServlet.java:174    csrf-protection = null
2015-09-03 16:55:22.612 INFO  [main] AbstractWebdavServlet.java:181    createAbsoluteURI = true
2015-09-03 16:55:22.622 WARN  [main] ProtectedRemoveManager.java:43    protectedhandlers-config is missing -> DIFF processing can fail for the Remove operation if the content toremove is protected!
2015-09-03 16:55:46.758 INFO  [1496241677@qtp-156172891-0] RepositoryImpl.java:2034 initializing workspace 'default'...
2015-09-03 16:55:46.759 INFO  [1496241677@qtp-156172891-0] LocalFileSystem.java:166 LocalFileSystem initialized at path jackrabbit\workspaces\default
2015-09-03 16:55:47.650 INFO  [1496241677@qtp-156172891-0] SearchIndex.java:610 Index initialized: jackrabbit\workspaces\default/index Version: 3
2015-09-03 16:55:47.651 INFO  [1496241677@qtp-156172891-0] RepositoryImpl.java:2038 workspace 'default' initialized
2015-09-03 16:57:46.767 WARN  [main] RepositoryLock.java:134           Existing lock file D:\SourceControl\backup of 22july\edmsProducing10jan\EDMS-Web-Service-Producing\jackrabbit\.lock detected. Repository was not shut down properly.
2015-09-03 16:57:46.818 WARN  [main] Slf4jLog.java:89                  unavailable
javax.jcr.RepositoryException: The repository home D:\SourceControl\backup of 22july\edmsProducing10jan\EDMS-Web-Service-Producing\jackrabbit appears to be in use since the file named .lock is locked by another process.
	at org.apache.jackrabbit.core.util.RepositoryLock.tryLock(RepositoryLock.java:166) ~[jackrabbit-standalone.jar:na]
	at org.apache.jackrabbit.core.util.RepositoryLock.acquire(RepositoryLock.java:138) ~[jackrabbit-standalone.jar:na]
	at org.apache.jackrabbit.core.RepositoryImpl.<init>(RepositoryImpl.java:255) ~[jackrabbit-standalone.jar:na]
	at org.apache.jackrabbit.core.RepositoryImpl.create(RepositoryImpl.java:615) ~[jackrabbit-standalone.jar:na]
	at org.apache.jackrabbit.core.RepositoryContext.create(RepositoryContext.java:157) ~[jackrabbit-standalone.jar:na]
	at org.apache.jackrabbit.servlet.jackrabbit.JackrabbitRepositoryServlet.init(JackrabbitRepositoryServlet.java:109) ~[jackrabbit-standalone.jar:na]
	at javax.servlet.GenericServlet.init(GenericServlet.java:241) ~[jackrabbit-standalone.jar:na]
	at org.mortbay.jetty.servlet.ServletHolder.initServlet(ServletHolder.java:440) [jackrabbit-standalone.jar:na]
	at org.mortbay.jetty.servlet.ServletHolder.doStart(ServletHolder.java:263) [jackrabbit-standalone.jar:na]
	at org.mortbay.component.AbstractLifeCycle.start(AbstractLifeCycle.java:50) [jackrabbit-standalone.jar:na]
	at org.mortbay.jetty.servlet.ServletHandler.initialize(ServletHandler.java:685) [jackrabbit-standalone.jar:na]
	at org.mortbay.jetty.servlet.Context.startContext(Context.java:140) [jackrabbit-standalone.jar:na]
	at org.mortbay.jetty.webapp.WebAppContext.startContext(WebAppContext.java:1250) [jackrabbit-standalone.jar:na]
	at org.mortbay.jetty.handler.ContextHandler.doStart(ContextHandler.java:517) [jackrabbit-standalone.jar:na]
	at org.mortbay.jetty.webapp.WebAppContext.doStart(WebAppContext.java:467) [jackrabbit-standalone.jar:na]
	at org.mortbay.component.AbstractLifeCycle.start(AbstractLifeCycle.java:50) [jackrabbit-standalone.jar:na]
	at org.mortbay.jetty.handler.HandlerWrapper.doStart(HandlerWrapper.java:130) [jackrabbit-standalone.jar:na]
	at org.mortbay.jetty.handler.RequestLogHandler.doStart(RequestLogHandler.java:115) [jackrabbit-standalone.jar:na]
	at org.mortbay.component.AbstractLifeCycle.start(AbstractLifeCycle.java:50) [jackrabbit-standalone.jar:na]
	at org.mortbay.jetty.handler.HandlerWrapper.doStart(HandlerWrapper.java:130) [jackrabbit-standalone.jar:na]
	at org.mortbay.jetty.Server.doStart(Server.java:224) [jackrabbit-standalone.jar:na]
	at org.mortbay.component.AbstractLifeCycle.start(AbstractLifeCycle.java:50) [jackrabbit-standalone.jar:na]
	at org.apache.jackrabbit.standalone.Main.run(Main.java:173) [jackrabbit-standalone.jar:na]
	at org.apache.jackrabbit.standalone.Main.main(Main.java:60) [jackrabbit-standalone.jar:na]
2015-09-03 16:57:46.819 INFO  [main] RepositoryAccessServlet.java:103  RepositoryAccessServlet initialized.
2015-09-03 16:57:46.830 INFO  [main] AbstractWebdavServlet.java:169    authenticate-header = Basic realm="Jackrabbit Webdav Server"
2015-09-03 16:57:46.830 INFO  [main] AbstractWebdavServlet.java:174    csrf-protection = null
2015-09-03 16:57:46.830 INFO  [main] AbstractWebdavServlet.java:181    createAbsoluteURI = true
2015-09-03 16:57:46.831 INFO  [main] SimpleWebdavServlet.java:144      resource-path-prefix = '/repository'
2015-09-03 16:57:46.965 INFO  [main] AbstractWebdavServlet.java:169    authenticate-header = Basic realm="Jackrabbit Webdav Server"
2015-09-03 16:57:46.966 INFO  [main] AbstractWebdavServlet.java:174    csrf-protection = null
2015-09-03 16:57:46.966 INFO  [main] AbstractWebdavServlet.java:181    createAbsoluteURI = true
2015-09-03 16:57:46.974 WARN  [main] ProtectedRemoveManager.java:43    protectedhandlers-config is missing -> DIFF processing can fail for the Remove operation if the content toremove is protected!
2015-09-03 16:59:24.043 WARN  [main] RepositoryLock.java:134           Existing lock file D:\SourceControl\backup of 22july\edmsProducing10jan\EDMS-Web-Service-Producing\jackrabbit\.lock detected. Repository was not shut down properly.
2015-09-03 16:59:24.045 INFO  [main] RepositoryImpl.java:258           Starting repository...
2015-09-03 16:59:24.047 INFO  [main] LocalFileSystem.java:166          LocalFileSystem initialized at path jackrabbit\repository
2015-09-03 16:59:24.528 INFO  [main] LocalFileSystem.java:166          LocalFileSystem initialized at path jackrabbit\version
2015-09-03 16:59:27.843 INFO  [main] RepositoryImpl.java:2034          initializing workspace 'default'...
2015-09-03 16:59:27.843 INFO  [main] LocalFileSystem.java:166          LocalFileSystem initialized at path jackrabbit\workspaces\default
2015-09-03 16:59:30.716 INFO  [main] SearchIndex.java:610              Index initialized: jackrabbit/repository/index Version: 3
2015-09-03 16:59:30.761 INFO  [main] SearchIndex.java:610              Index initialized: jackrabbit\workspaces\default/index Version: 3
2015-09-03 16:59:30.761 INFO  [main] RepositoryImpl.java:2038          workspace 'default' initialized
2015-09-03 16:59:30.764 INFO  [main] RepositoryImpl.java:454           SecurityManager = class org.apache.jackrabbit.core.DefaultSecurityManager
2015-09-03 16:59:30.764 INFO  [main] RepositoryImpl.java:2034          initializing workspace 'security'...
2015-09-03 16:59:30.764 INFO  [main] LocalFileSystem.java:166          LocalFileSystem initialized at path jackrabbit\workspaces\security
2015-09-03 16:59:36.084 INFO  [main] SearchIndex.java:610              Index initialized: jackrabbit\workspaces\security/index Version: 3
2015-09-03 16:59:36.085 INFO  [main] RepositoryImpl.java:2038          workspace 'security' initialized
2015-09-03 16:59:36.087 INFO  [main] DefaultSecurityManager.java:174   init: use Repository Login-Configuration for Jackrabbit
2015-09-03 16:59:36.169 INFO  [main] RepositoryImpl.java:366           Repository started (12124ms)
2015-09-03 16:59:36.175 INFO  [main] RepositoryAccessServlet.java:103  RepositoryAccessServlet initialized.
2015-09-03 16:59:36.191 INFO  [main] AbstractWebdavServlet.java:169    authenticate-header = Basic realm="Jackrabbit Webdav Server"
2015-09-03 16:59:36.192 INFO  [main] AbstractWebdavServlet.java:174    csrf-protection = null
2015-09-03 16:59:36.192 INFO  [main] AbstractWebdavServlet.java:181    createAbsoluteURI = true
2015-09-03 16:59:36.193 INFO  [main] SimpleWebdavServlet.java:144      resource-path-prefix = '/repository'
2015-09-03 16:59:36.339 INFO  [main] AbstractWebdavServlet.java:169    authenticate-header = Basic realm="Jackrabbit Webdav Server"
2015-09-03 16:59:36.339 INFO  [main] AbstractWebdavServlet.java:174    csrf-protection = null
2015-09-03 16:59:36.339 INFO  [main] AbstractWebdavServlet.java:181    createAbsoluteURI = true
2015-09-03 16:59:36.348 WARN  [main] ProtectedRemoveManager.java:43    protectedhandlers-config is missing -> DIFF processing can fail for the Remove operation if the content toremove is protected!
2015-09-03 16:59:37.806 INFO  [1336131694@qtp-1936390878-0] CachingEntryCollector.java:362 Creating cache with max size of: 5000
2015-09-03 16:59:37.807 INFO  [1336131694@qtp-1936390878-0] CachingEntryCollector.java:369 Root is special-cased: true
2015-09-03 16:59:37.807 INFO  [1336131694@qtp-1936390878-0] CachingEntryCollector.java:73 Cache Update Strategy: T
2015-09-03 16:59:37.807 INFO  [1336131694@qtp-1936390878-0] CachingEntryCollector.java:78 Caching entries with no ACLs: false
2015-09-03 16:59:37.991 INFO  [1336131694@qtp-1936390878-0] RepositoryImpl.java:2034 initializing workspace 'silverye.in'...
2015-09-03 16:59:37.991 INFO  [1336131694@qtp-1936390878-0] LocalFileSystem.java:166 LocalFileSystem initialized at path jackrabbit\workspaces\silverye.in
2015-09-03 16:59:44.622 INFO  [1336131694@qtp-1936390878-0] SearchIndex.java:610 Index initialized: jackrabbit\workspaces\silverye.in/index Version: 3
2015-09-03 16:59:44.622 INFO  [1336131694@qtp-1936390878-0] RepositoryImpl.java:2038 workspace 'silverye.in' initialized
2015-09-03 16:59:44.739 INFO  [1336131694@qtp-1936390878-0] ClusterNode.java:711 [1] 1 system@silverye.in:/ (8225)
2015-09-03 16:59:44.774 INFO  [1336131694@qtp-1936390878-0] CachingEntryCollector.java:362 Creating cache with max size of: 5000
2015-09-03 16:59:44.774 INFO  [1336131694@qtp-1936390878-0] CachingEntryCollector.java:369 Root is special-cased: true
2015-09-03 16:59:44.774 INFO  [1336131694@qtp-1936390878-0] CachingEntryCollector.java:73 Cache Update Strategy: T
2015-09-03 16:59:44.774 INFO  [1336131694@qtp-1936390878-0] CachingEntryCollector.java:78 Caching entries with no ACLs: false
2015-09-03 16:59:44.775 INFO  [1336131694@qtp-1936390878-0] RepositoryImpl.java:2034 initializing workspace 'avi-oil.com'...
2015-09-03 16:59:44.775 INFO  [1336131694@qtp-1936390878-0] LocalFileSystem.java:166 LocalFileSystem initialized at path jackrabbit\workspaces\avi-oil.com
2015-09-03 16:59:45.263 INFO  [1336131694@qtp-1936390878-0] SearchIndex.java:610 Index initialized: jackrabbit\workspaces\avi-oil.com/index Version: 3
2015-09-03 16:59:45.264 INFO  [1336131694@qtp-1936390878-0] RepositoryImpl.java:2038 workspace 'avi-oil.com' initialized
2015-09-03 16:59:45.299 INFO  [1336131694@qtp-1936390878-0] RepositoryImpl.java:2034 initializing workspace 'silvereye.in'...
2015-09-03 16:59:45.299 INFO  [1336131694@qtp-1936390878-0] LocalFileSystem.java:166 LocalFileSystem initialized at path jackrabbit\workspaces\silvereye.in
2015-09-03 16:59:50.937 INFO  [1336131694@qtp-1936390878-0] SearchIndex.java:610 Index initialized: jackrabbit\workspaces\silvereye.in/index Version: 3
2015-09-03 16:59:50.937 INFO  [1336131694@qtp-1936390878-0] RepositoryImpl.java:2038 workspace 'silvereye.in' initialized
2015-09-03 16:59:50.967 INFO  [1336131694@qtp-1936390878-0] ClusterNode.java:711 [2] 2 system@silvereye.in:/ (8225)
2015-09-03 16:59:50.974 INFO  [1336131694@qtp-1936390878-0] CachingEntryCollector.java:362 Creating cache with max size of: 5000
2015-09-03 16:59:50.975 INFO  [1336131694@qtp-1936390878-0] CachingEntryCollector.java:369 Root is special-cased: true
2015-09-03 16:59:50.975 INFO  [1336131694@qtp-1936390878-0] CachingEntryCollector.java:73 Cache Update Strategy: T
2015-09-03 16:59:50.975 INFO  [1336131694@qtp-1936390878-0] CachingEntryCollector.java:78 Caching entries with no ACLs: false
